0 info it worked if it ends with ok
1 verbose cli [ '/usr/local/bin/node', '/usr/local/bin/npm', 'run', 'serve' ]
2 info using npm@3.10.9
3 info using node@v6.7.0
4 verbose run-script [ 'preserve', 'serve', 'postserve' ]
5 info lifecycle appname@1.0.0~preserve: appname@1.0.0
6 silly lifecycle appname@1.0.0~preserve: no script for preserve, continuing
7 info lifecycle appname@1.0.0~serve: appname@1.0.0
8 verbose lifecycle appname@1.0.0~serve: unsafe-perm in lifecycle true
9 verbose lifecycle appname@1.0.0~serve: PATH: /usr/local/lib/node_modules/npm/bin/node-gyp-bin:/Users/zoriana.kovacs/Documents/Angular2NodeSetup/node_modules/.bin:/usr/local/bin:/usr/bin:/bin:/usr/sbin:/sbin:/opt/X11/bin
10 verbose lifecycle appname@1.0.0~serve: CWD: /Users/zoriana.kovacs/Documents/Angular2NodeSetup
11 silly lifecycle appname@1.0.0~serve: Args: [ '-c',
11 silly lifecycle   'NODE_ENV=development npm run eslint && npm run watch:server' ]
12 silly lifecycle appname@1.0.0~serve: Returned: code: 1  signal: null
13 info lifecycle appname@1.0.0~serve: Failed to exec serve script
14 verbose stack Error: appname@1.0.0 serve: `NODE_ENV=development npm run eslint && npm run watch:server`
14 verbose stack Exit status 1
14 verbose stack     at EventEmitter.<anonymous> (/usr/local/lib/node_modules/npm/lib/utils/lifecycle.js:255:16)
14 verbose stack     at emitTwo (events.js:106:13)
14 verbose stack     at EventEmitter.emit (events.js:191:7)
14 verbose stack     at ChildProcess.<anonymous> (/usr/local/lib/node_modules/npm/lib/utils/spawn.js:40:14)
14 verbose stack     at emitTwo (events.js:106:13)
14 verbose stack     at ChildProcess.emit (events.js:191:7)
14 verbose stack     at maybeClose (internal/child_process.js:877:16)
14 verbose stack     at Process.ChildProcess._handle.onexit (internal/child_process.js:226:5)
15 verbose pkgid appname@1.0.0
16 verbose cwd /Users/zoriana.kovacs/Documents/Angular2NodeSetup/server
17 error Darwin 15.6.0
18 error argv "/usr/local/bin/node" "/usr/local/bin/npm" "run" "serve"
19 error node v6.7.0
20 error npm  v3.10.9
21 error code ELIFECYCLE
22 error appname@1.0.0 serve: `NODE_ENV=development npm run eslint && npm run watch:server`
22 error Exit status 1
23 error Failed at the appname@1.0.0 serve script 'NODE_ENV=development npm run eslint && npm run watch:server'.
23 error Make sure you have the latest version of node.js and npm installed.
23 error If you do, this is most likely a problem with the appname package,
23 error not with npm itself.
23 error Tell the author that this fails on your system:
23 error     NODE_ENV=development npm run eslint && npm run watch:server
23 error You can get information on how to open an issue for this project with:
23 error     npm bugs appname
23 error Or if that isn't available, you can get their info via:
23 error     npm owner ls appname
23 error There is likely additional logging output above.
24 verbose exit [ 1, true ]
