{"level":"info","message":"Master cluster setting up 8 workers","timestamp":"2016-12-19T12:56:47.086Z"}
{"level":"info","message":"Worker 22679 is online","timestamp":"2016-12-19T12:56:47.186Z"}
{"level":"info","message":"Worker 22680 is online","timestamp":"2016-12-19T12:56:47.190Z"}
{"level":"info","message":"Worker 22682 is online","timestamp":"2016-12-19T12:56:47.196Z"}
{"level":"info","message":"Worker 22677 is online","timestamp":"2016-12-19T12:56:47.208Z"}
{"level":"info","message":"Worker 22681 is online","timestamp":"2016-12-19T12:56:47.212Z"}
{"level":"info","message":"Worker 22676 is online","timestamp":"2016-12-19T12:56:47.214Z"}
{"level":"info","message":"Worker 22675 is online","timestamp":"2016-12-19T12:56:47.214Z"}
{"level":"info","message":"Worker 22678 is online","timestamp":"2016-12-19T12:56:47.223Z"}
{"level":"info","message":"Master cluster setting up 8 workers","timestamp":"2016-12-19T13:07:35.387Z"}
{"level":"info","message":"Worker 24624 is online","timestamp":"2016-12-19T13:07:35.469Z"}
{"level":"info","message":"Worker 24631 is online","timestamp":"2016-12-19T13:07:35.476Z"}
{"level":"info","message":"Worker 24627 is online","timestamp":"2016-12-19T13:07:35.479Z"}
{"level":"info","message":"Worker 24629 is online","timestamp":"2016-12-19T13:07:35.491Z"}
{"level":"info","message":"Worker 24626 is online","timestamp":"2016-12-19T13:07:35.500Z"}
{"level":"info","message":"Worker 24625 is online","timestamp":"2016-12-19T13:07:35.509Z"}
{"level":"info","message":"Worker 24630 is online","timestamp":"2016-12-19T13:07:35.515Z"}
{"level":"info","message":"Worker 24628 is online","timestamp":"2016-12-19T13:07:35.515Z"}
{"level":"info","message":"Express server listening on 9000, in development mode","timestamp":"2016-12-19T13:16:42.992Z"}
{"level":"info","message":"Express server listening on 9000, in development mode","timestamp":"2016-12-19T13:30:06.246Z"}
{"level":"info","message":"Express server listening on 9000, in development mode","timestamp":"2016-12-19T13:30:23.859Z"}
{"level":"info","message":"Express server listening on 9000, in development mode","timestamp":"2016-12-19T13:37:17.233Z"}
{"level":"info","message":"Master cluster setting up 8 workers","timestamp":"2016-12-19T16:01:21.953Z"}
{"level":"info","message":"Worker 55124 is online","timestamp":"2016-12-19T16:01:22.034Z"}
{"level":"info","message":"Worker 55126 is online","timestamp":"2016-12-19T16:01:22.046Z"}
{"level":"info","message":"Worker 55130 is online","timestamp":"2016-12-19T16:01:22.052Z"}
{"level":"info","message":"Worker 55125 is online","timestamp":"2016-12-19T16:01:22.057Z"}
{"level":"info","message":"Worker 55128 is online","timestamp":"2016-12-19T16:01:22.069Z"}
{"level":"info","message":"Worker 55127 is online","timestamp":"2016-12-19T16:01:22.071Z"}
{"level":"info","message":"Worker 55131 is online","timestamp":"2016-12-19T16:01:22.077Z"}
{"level":"info","message":"Worker 55129 is online","timestamp":"2016-12-19T16:01:22.079Z"}
{"level":"info","message":"Master cluster setting up 8 workers","timestamp":"2016-12-19T16:01:39.646Z"}
{"level":"info","message":"Worker 55189 is online","timestamp":"2016-12-19T16:01:39.730Z"}
{"level":"info","message":"Worker 55193 is online","timestamp":"2016-12-19T16:01:39.736Z"}
{"level":"info","message":"Worker 55191 is online","timestamp":"2016-12-19T16:01:39.737Z"}
{"level":"info","message":"Worker 55195 is online","timestamp":"2016-12-19T16:01:39.744Z"}
{"level":"info","message":"Worker 55196 is online","timestamp":"2016-12-19T16:01:39.748Z"}
{"level":"info","message":"Worker 55194 is online","timestamp":"2016-12-19T16:01:39.757Z"}
{"level":"info","message":"Worker 55190 is online","timestamp":"2016-12-19T16:01:39.767Z"}
{"level":"info","message":"Worker 55192 is online","timestamp":"2016-12-19T16:01:39.771Z"}
{"level":"info","message":"Express server listening on 9000, in development mode","timestamp":"2016-12-19T16:02:05.845Z"}
{"level":"info","message":"Express server listening on 9000, in development mode","timestamp":"2016-12-21T10:47:29.764Z"}
{"level":"info","message":"Express server listening on 9000, in development mode","timestamp":"2016-12-21T13:29:54.905Z"}
{"level":"info","message":"Express server listening on 9000, in development mode","timestamp":"2016-12-21T14:14:56.488Z"}
{"level":"info","message":"Express server listening on 9000, in development mode","timestamp":"2016-12-21T15:12:11.181Z"}
{"level":"info","message":"Master cluster setting up 8 workers","timestamp":"2016-12-21T19:35:56.539Z"}
{"level":"info","message":"Worker 97741 is online","timestamp":"2016-12-21T19:35:56.620Z"}
{"level":"info","message":"Worker 97742 is online","timestamp":"2016-12-21T19:35:56.623Z"}
{"level":"info","message":"Worker 97748 is online","timestamp":"2016-12-21T19:35:56.634Z"}
{"level":"info","message":"Worker 97746 is online","timestamp":"2016-12-21T19:35:56.642Z"}
{"level":"info","message":"Worker 97744 is online","timestamp":"2016-12-21T19:35:56.651Z"}
{"level":"info","message":"Worker 97743 is online","timestamp":"2016-12-21T19:35:56.667Z"}
{"level":"info","message":"Worker 97747 is online","timestamp":"2016-12-21T19:35:56.671Z"}
{"level":"info","message":"Worker 97745 is online","timestamp":"2016-12-21T19:35:56.671Z"}
{"level":"info","message":"Express server listening on 9000, in production mode","timestamp":"2016-12-21T19:35:56.995Z"}
{"level":"info","message":"Express server listening on 9000, in production mode","timestamp":"2016-12-21T19:35:57.027Z"}
{"level":"info","message":"Express server listening on 9000, in production mode","timestamp":"2016-12-21T19:35:57.033Z"}
{"level":"info","message":"Express server listening on 9000, in production mode","timestamp":"2016-12-21T19:35:57.044Z"}
{"level":"info","message":"Express server listening on 9000, in production mode","timestamp":"2016-12-21T19:35:57.044Z"}
{"level":"info","message":"Express server listening on 9000, in production mode","timestamp":"2016-12-21T19:35:57.046Z"}
{"level":"info","message":"Express server listening on 9000, in production mode","timestamp":"2016-12-21T19:35:57.054Z"}
{"level":"info","message":"Express server listening on 9000, in production mode","timestamp":"2016-12-21T19:35:57.061Z"}
{"level":"info","message":"Master cluster setting up 8 workers","timestamp":"2016-12-21T22:24:28.908Z"}
{"level":"info","message":"Worker 1763 is online","timestamp":"2016-12-21T22:24:28.990Z"}
{"level":"info","message":"Worker 1766 is online","timestamp":"2016-12-21T22:24:28.996Z"}
{"level":"info","message":"Worker 1768 is online","timestamp":"2016-12-21T22:24:29.004Z"}
{"level":"info","message":"Worker 1765 is online","timestamp":"2016-12-21T22:24:29.009Z"}
{"level":"info","message":"Worker 1769 is online","timestamp":"2016-12-21T22:24:29.015Z"}
{"level":"info","message":"Worker 1764 is online","timestamp":"2016-12-21T22:24:29.026Z"}
{"level":"info","message":"Worker 1770 is online","timestamp":"2016-12-21T22:24:29.040Z"}
{"level":"info","message":"Worker 1767 is online","timestamp":"2016-12-21T22:24:29.041Z"}
{"level":"info","message":"Master cluster setting up 8 workers","timestamp":"2016-12-21T22:25:18.487Z"}
{"level":"info","message":"Worker 1929 is online","timestamp":"2016-12-21T22:25:18.580Z"}
{"level":"info","message":"Worker 1925 is online","timestamp":"2016-12-21T22:25:18.582Z"}
{"level":"info","message":"Worker 1926 is online","timestamp":"2016-12-21T22:25:18.588Z"}
{"level":"info","message":"Worker 1923 is online","timestamp":"2016-12-21T22:25:18.588Z"}
{"level":"info","message":"Worker 1927 is online","timestamp":"2016-12-21T22:25:18.589Z"}
{"level":"info","message":"Worker 1930 is online","timestamp":"2016-12-21T22:25:18.598Z"}
{"level":"info","message":"Worker 1924 is online","timestamp":"2016-12-21T22:25:18.607Z"}
{"level":"info","message":"Worker 1928 is online","timestamp":"2016-12-21T22:25:18.610Z"}
{"level":"info","message":"Express server listening on 9000, in development mode","timestamp":"2016-12-21T22:25:46.296Z"}
{"level":"info","message":"Express server listening on 9000, in development mode","timestamp":"2016-12-21T22:27:25.461Z"}
{"level":"info","message":"Express server listening on 9000, in development mode","timestamp":"2016-12-21T22:35:46.326Z"}
{"level":"info","message":"Master cluster setting up 8 workers","timestamp":"2016-12-21T22:36:07.021Z"}
{"level":"info","message":"Worker 3857 is online","timestamp":"2016-12-21T22:36:07.107Z"}
{"level":"info","message":"Worker 3860 is online","timestamp":"2016-12-21T22:36:07.108Z"}
{"level":"info","message":"Worker 3862 is online","timestamp":"2016-12-21T22:36:07.113Z"}
{"level":"info","message":"Worker 3861 is online","timestamp":"2016-12-21T22:36:07.121Z"}
{"level":"info","message":"Worker 3864 is online","timestamp":"2016-12-21T22:36:07.128Z"}
{"level":"info","message":"Worker 3859 is online","timestamp":"2016-12-21T22:36:07.137Z"}
{"level":"info","message":"Worker 3858 is online","timestamp":"2016-12-21T22:36:07.139Z"}
{"level":"info","message":"Worker 3863 is online","timestamp":"2016-12-21T22:36:07.145Z"}
{"level":"info","message":"Master cluster setting up 8 workers","timestamp":"2016-12-21T22:37:38.710Z"}
{"level":"info","message":"Worker 4108 is online","timestamp":"2016-12-21T22:37:38.798Z"}
{"level":"info","message":"Worker 4107 is online","timestamp":"2016-12-21T22:37:38.799Z"}
{"level":"info","message":"Worker 4113 is online","timestamp":"2016-12-21T22:37:38.807Z"}
{"level":"info","message":"Worker 4114 is online","timestamp":"2016-12-21T22:37:38.815Z"}
{"level":"info","message":"Worker 4110 is online","timestamp":"2016-12-21T22:37:38.826Z"}
{"level":"info","message":"Worker 4111 is online","timestamp":"2016-12-21T22:37:38.829Z"}
{"level":"info","message":"Worker 4109 is online","timestamp":"2016-12-21T22:37:38.836Z"}
{"level":"info","message":"Worker 4112 is online","timestamp":"2016-12-21T22:37:38.845Z"}
{"level":"info","message":"Express server listening on 9000, in development mode","timestamp":"2016-12-21T22:38:08.532Z"}
{"level":"info","message":"Master cluster setting up 8 workers","timestamp":"2016-12-21T23:07:21.866Z"}
{"level":"info","message":"Worker 9286 is online","timestamp":"2016-12-21T23:07:21.950Z"}
{"level":"info","message":"Worker 9284 is online","timestamp":"2016-12-21T23:07:21.954Z"}
{"level":"info","message":"Worker 9285 is online","timestamp":"2016-12-21T23:07:21.957Z"}
{"level":"info","message":"Worker 9287 is online","timestamp":"2016-12-21T23:07:21.966Z"}
{"level":"info","message":"Worker 9291 is online","timestamp":"2016-12-21T23:07:21.967Z"}
{"level":"info","message":"Worker 9290 is online","timestamp":"2016-12-21T23:07:21.982Z"}
{"level":"info","message":"Worker 9289 is online","timestamp":"2016-12-21T23:07:21.991Z"}
{"level":"info","message":"Worker 9288 is online","timestamp":"2016-12-21T23:07:21.993Z"}
{"level":"info","message":"Express server listening on 9000, in development mode","timestamp":"2016-12-21T23:07:56.036Z"}
{"level":"info","message":"Express server listening on 9000, in development mode","timestamp":"2016-12-21T23:08:24.442Z"}
{"level":"info","message":"Master cluster setting up 8 workers","timestamp":"2016-12-21T23:11:05.741Z"}
{"level":"info","message":"Worker 9991 is online","timestamp":"2016-12-21T23:11:05.824Z"}
{"level":"info","message":"Worker 9992 is online","timestamp":"2016-12-21T23:11:05.825Z"}
{"level":"info","message":"Worker 9995 is online","timestamp":"2016-12-21T23:11:05.831Z"}
{"level":"info","message":"Worker 9993 is online","timestamp":"2016-12-21T23:11:05.838Z"}
{"level":"info","message":"Worker 9998 is online","timestamp":"2016-12-21T23:11:05.854Z"}
{"level":"info","message":"Worker 9996 is online","timestamp":"2016-12-21T23:11:05.857Z"}
{"level":"info","message":"Worker 9994 is online","timestamp":"2016-12-21T23:11:05.859Z"}
{"level":"info","message":"Worker 9997 is online","timestamp":"2016-12-21T23:11:05.863Z"}
{"level":"info","message":"Express server listening on 9000, in development mode","timestamp":"2016-12-21T23:17:14.503Z"}
{"level":"info","message":"Express server listening on 9000, in development mode","timestamp":"2016-12-21T23:22:49.709Z"}
{"level":"info","message":"\u001b[0mGET /favicon.ico \u001b[33m404 \u001b[0m3.131 ms - 24\u001b[0m\n","timestamp":"2016-12-21T23:31:30.033Z"}
{"level":"info","message":"Express server listening on 9000, in development mode","timestamp":"2016-12-22T08:35:14.085Z"}
{"level":"info","message":"Express server listening on 9000, in development mode","timestamp":"2016-12-22T08:39:49.362Z"}
{"level":"info","message":"\u001b[0mGET /favicon.ico \u001b[33m404 \u001b[0m3.289 ms - 24\u001b[0m\n","timestamp":"2016-12-22T08:40:10.501Z"}
{"level":"info","message":"Express server listening on 9000, in development mode","timestamp":"2016-12-22T08:42:45.724Z"}
{"level":"info","message":"Express server listening on 9000, in development mode","timestamp":"2016-12-22T10:26:45.081Z"}
{"level":"info","message":"Express server listening on 9000, in development mode","timestamp":"2016-12-22T10:30:06.135Z"}
{"level":"info","message":"\u001b[0mGET /favicon.ico \u001b[33m404 \u001b[0m3.175 ms - 24\u001b[0m\n","timestamp":"2016-12-22T10:30:23.636Z"}
{"level":"info","message":"Express server listening on 9000, in development mode","timestamp":"2017-01-14T14:00:07.621Z"}
{"level":"info","message":"\u001b[0mGET /favicon.ico \u001b[33m404 \u001b[0m3.988 ms - 24\u001b[0m\n","timestamp":"2017-01-14T14:00:34.844Z"}
